<?xml version="1.0" encoding="UTF-8"?>
<!-- Generated by org.testng.reporters.JUnitReportReporter -->
<testsuite hostname="DESKTOP-3HHB18U" failures="0" tests="1" name="com.inetBanking.testCases.TC_AddCustomerTest_003" time="17.791" errors="0" timestamp="15 Jul 2023 18:04:54 GMT" skipped="0">
  <testcase classname="com.inetBanking.testCases.TC_AddCustomerTest_003" name="AddNewCustomer" time="17.791"/>
</testsuite> <!-- com.inetBanking.testCases.TC_AddCustomerTest_003 -->
