<?xml version="1.0" encoding="UTF-8"?>
<!-- Generated by org.testng.reporters.JUnitReportReporter -->
<testsuite hostname="DESKTOP-3HHB18U" failures="0" tests="1" name="com.inetBanking.testCases.TC_LoginTest_001" time="14.155" errors="0" timestamp="15 Jul 2023 18:04:54 GMT" skipped="0">
  <testcase classname="com.inetBanking.testCases.TC_LoginTest_001" name="loginTest" time="14.155"/>
</testsuite> <!-- com.inetBanking.testCases.TC_LoginTest_001 -->
